# JRE version: Java(TM) SE Runtime Environment (8.0_231-b11) (build 1.8.0_231-b11)
# Java VM: Java HotSpot(TM) 64-Bit Server VM (25.231-b11 mixed mode windows-amd64 compressed oops)
Heap:
 PSYoungGen      total 116736K, used 47630K [0x00000000f5580000, 0x0000000100000000, 0x0000000100000000)
  eden space 58880K, 30% used [0x00000000f5580000,0x00000000f670f040,0x00000000f8f00000)
  from space 57856K, 51% used [0x00000000fc780000,0x00000000fe474b00,0x0000000100000000)
  to   space 57856K, 0% used [0x00000000f8f00000,0x00000000f8f00000,0x00000000fc780000)
 ParOldGen       total 256512K, used 173910K [0x00000000e0000000, 0x00000000efa80000, 0x00000000f5580000)
  object space 256512K, 67% used [0x00000000e0000000,0x00000000ea9d5870,0x00000000efa80000)
 Metaspace       used 90674K, capacity 96250K, committed 96768K, reserved 1132544K
  class space    used 11689K, capacity 12952K, committed 13056K, reserved 1048576K
GC Heap History (10 events):
Event: 517.915 GC heap before
{Heap before GC invocations=56 (full 4):
 PSYoungGen      total 116736K, used 60864K [0x00000000f5580000, 0x0000000100000000, 0x0000000100000000)
  eden space 58880K, 100% used [0x00000000f5580000,0x00000000f8f00000,0x00000000f8f00000)
  from space 57856K, 3% used [0x00000000f8f00000,0x00000000f90f0010,0x00000000fc780000)
  to   space 57856K, 0% used [0x00000000fc780000,0x00000000fc780000,0x0000000100000000)
 ParOldGen       total 256512K, used 154827K [0x00000000e0000000, 0x00000000efa80000, 0x00000000f5580000)
  object space 256512K, 60% used [0x00000000e0000000,0x00000000e9732d18,0x00000000efa80000)
 Metaspace       used 90465K, capacity 96090K, committed 96768K, reserved 1132544K
  class space    used 11680K, capacity 12938K, committed 13056K, reserved 1048576K
Event: 517.928 GC heap after
Heap after GC invocations=56 (full 4):
 PSYoungGen      total 115712K, used 3588K [0x00000000f5580000, 0x00000000fff00000, 0x0000000100000000)
  eden space 58880K, 0% used [0x00000000f5580000,0x00000000f5580000,0x00000000f8f00000)
  from space 56832K, 6% used [0x00000000fc780000,0x00000000fcb012d8,0x00000000fff00000)
  to   space 57344K, 0% used [0x00000000f8f00000,0x00000000f8f00000,0x00000000fc700000)
 ParOldGen       total 256512K, used 155846K [0x00000000e0000000, 0x00000000efa80000, 0x00000000f5580000)
  object space 256512K, 60% used [0x00000000e0000000,0x00000000e9831a40,0x00000000efa80000)
 Metaspace       used 90465K, capacity 96090K, committed 96768K, reserved 1132544K
  class space    used 11680K, capacity 12938K, committed 13056K, reserved 1048576K
}
Event: 524.577 GC heap before
{Heap before GC invocations=57 (full 4):
 PSYoungGen      total 115712K, used 62468K [0x00000000f5580000, 0x00000000fff00000, 0x0000000100000000)
  eden space 58880K, 100% used [0x00000000f5580000,0x00000000f8f00000,0x00000000f8f00000)
  from space 56832K, 6% used [0x00000000fc780000,0x00000000fcb012d8,0x00000000fff00000)
  to   space 57344K, 0% used [0x00000000f8f00000,0x00000000f8f00000,0x00000000fc700000)
 ParOldGen       total 256512K, used 155846K [0x00000000e0000000, 0x00000000efa80000, 0x00000000f5580000)
  object space 256512K, 60% used [0x00000000e0000000,0x00000000e9831a40,0x00000000efa80000)
 Metaspace       used 90604K, capacity 96208K, committed 96768K, reserved 1132544K
  class space    used 11684K, capacity 12945K, committed 13056K, reserved 1048576K
Event: 524.601 GC heap after
Heap after GC invocations=57 (full 4):
 PSYoungGen      total 77824K, used 18576K [0x00000000f5580000, 0x00000000ffa80000, 0x0000000100000000)
  eden space 58880K, 0% used [0x00000000f5580000,0x00000000f5580000,0x00000000f8f00000)
  from space 18944K, 98% used [0x00000000f8f00000,0x00000000fa124258,0x00000000fa180000)
  to   space 54272K, 0% used [0x00000000fc580000,0x00000000fc580000,0x00000000ffa80000)
 ParOldGen       total 256512K, used 155854K [0x00000000e0000000, 0x00000000efa80000, 0x00000000f5580000)
  object space 256512K, 60% used [0x00000000e0000000,0x00000000e9833a40,0x00000000efa80000)
 Metaspace       used 90604K, capacity 96208K, committed 96768K, reserved 1132544K
  class space    used 11684K, capacity 12945K, committed 13056K, reserved 1048576K
}
Event: 525.213 GC heap before
{Heap before GC invocations=58 (full 4):
 PSYoungGen      total 77824K, used 77456K [0x00000000f5580000, 0x00000000ffa80000, 0x0000000100000000)
  eden space 58880K, 100% used [0x00000000f5580000,0x00000000f8f00000,0x00000000f8f00000)
  from space 18944K, 98% used [0x00000000f8f00000,0x00000000fa124258,0x00000000fa180000)
  to   space 54272K, 0% used [0x00000000fc580000,0x00000000fc580000,0x00000000ffa80000)
 ParOldGen       total 256512K, used 155854K [0x00000000e0000000, 0x00000000efa80000, 0x00000000f5580000)
  object space 256512K, 60% used [0x00000000e0000000,0x00000000e9833a40,0x00000000efa80000)
 Metaspace       used 90629K, capacity 96220K, committed 96768K, reserved 1132544K
  class space    used 11685K, capacity 12947K, committed 13056K, reserved 1048576K
Event: 525.240 GC heap after
Heap after GC invocations=58 (full 4):
 PSYoungGen      total 114176K, used 28276K [0x00000000f5580000, 0x0000000100000000, 0x0000000100000000)
  eden space 59904K, 0% used [0x00000000f5580000,0x00000000f5580000,0x00000000f9000000)
  from space 54272K, 52% used [0x00000000fc580000,0x00000000fe11d0b8,0x00000000ffa80000)
  to   space 54784K, 0% used [0x00000000f9000000,0x00000000f9000000,0x00000000fc580000)
 ParOldGen       total 256512K, used 155862K [0x00000000e0000000, 0x00000000efa80000, 0x00000000f5580000)
  object space 256512K, 60% used [0x00000000e0000000,0x00000000e9835a40,0x00000000efa80000)
 Metaspace       used 90629K, capacity 96220K, committed 96768K, reserved 1132544K
  class space    used 11685K, capacity 12947K, committed 13056K, reserved 1048576K
}
Event: 525.840 GC heap before
{Heap before GC invocations=59 (full 4):
 PSYoungGen      total 114176K, used 88180K [0x00000000f5580000, 0x0000000100000000, 0x0000000100000000)
  eden space 59904K, 100% used [0x00000000f5580000,0x00000000f9000000,0x00000000f9000000)
  from space 54272K, 52% used [0x00000000fc580000,0x00000000fe11d0b8,0x00000000ffa80000)
  to   space 54784K, 0% used [0x00000000f9000000,0x00000000f9000000,0x00000000fc580000)
 ParOldGen       total 256512K, used 155862K [0x00000000e0000000, 0x00000000efa80000, 0x00000000f5580000)
  object space 256512K, 60% used [0x00000000e0000000,0x00000000e9835a40,0x00000000efa80000)
 Metaspace       used 90648K, capacity 96250K, committed 96768K, reserved 1132544K
  class space    used 11688K, capacity 12952K, committed 13056K, reserved 1048576K
Event: 525.890 GC heap after
Heap after GC invocations=59 (full 4):
 PSYoungGen      total 114688K, used 41080K [0x00000000f5580000, 0x0000000100000000, 0x0000000100000000)
  eden space 59904K, 0% used [0x00000000f5580000,0x00000000f5580000,0x00000000f9000000)
  from space 54784K, 74% used [0x00000000f9000000,0x00000000fb81e368,0x00000000fc580000)
  to   space 57856K, 0% used [0x00000000fc780000,0x00000000fc780000,0x0000000100000000)
 ParOldGen       total 256512K, used 155870K [0x00000000e0000000, 0x00000000efa80000, 0x00000000f5580000)
  object space 256512K, 60% used [0x00000000e0000000,0x00000000e9837a40,0x00000000efa80000)
 Metaspace       used 90648K, capacity 96250K, committed 96768K, reserved 1132544K
  class space    used 11688K, capacity 12952K, committed 13056K, reserved 1048576K
}
Event: 527.011 GC heap before
{Heap before GC invocations=60 (full 4):
 PSYoungGen      total 114688K, used 100984K [0x00000000f5580000, 0x0000000100000000, 0x0000000100000000)
  eden space 59904K, 100% used [0x00000000f5580000,0x00000000f9000000,0x00000000f9000000)
  from space 54784K, 74% used [0x00000000f9000000,0x00000000fb81e368,0x00000000fc580000)
  to   space 57856K, 0% used [0x00000000fc780000,0x00000000fc780000,0x0000000100000000)
 ParOldGen       total 256512K, used 155870K [0x00000000e0000000, 0x00000000efa80000, 0x00000000f5580000)
  object space 256512K, 60% used [0x00000000e0000000,0x00000000e9837a40,0x00000000efa80000)
 Metaspace       used 90665K, capacity 96250K, committed 96768K, reserved 1132544K
  class space    used 11689K, capacity 12952K, committed 13056K, reserved 1048576K
Event: 527.056 GC heap after
Heap after GC invocations=60 (full 4):
 PSYoungGen      total 116736K, used 29650K [0x00000000f5580000, 0x0000000100000000, 0x0000000100000000)
  eden space 58880K, 0% used [0x00000000f5580000,0x00000000f5580000,0x00000000f8f00000)
  from space 57856K, 51% used [0x00000000fc780000,0x00000000fe474b00,0x0000000100000000)
  to   space 57856K, 0% used [0x00000000f8f00000,0x00000000f8f00000,0x00000000fc780000)
 ParOldGen       total 256512K, used 173910K [0x00000000e0000000, 0x00000000efa80000, 0x00000000f5580000)
  object space 256512K, 67% used [0x00000000e0000000,0x00000000ea9d5870,0x00000000efa80000)
 Metaspace       used 90665K, capacity 96250K, committed 96768K, reserved 1132544K
  class space    used 11689K, capacity 12952K, committed 13056K, reserved 1048576K
}

